SF:lib/src/widgets.dart
DA:14,0
DA:22,0
DA:23,0
DA:33,0
DA:35,0
DA:38,0
DA:41,0
DA:43,0
DA:47,0
DA:48,0
DA:49,0
DA:50,0
DA:52,0
DA:53,0
DA:57,0
DA:61,0
DA:63,0
DA:64,0
DA:66,0
DA:67,0
DA:70,0
DA:77,0
DA:79,0
DA:80,0
DA:81,0
DA:82,0
DA:84,0
DA:85,0
DA:86,0
DA:87,0
DA:89,0
DA:90,0
DA:91,0
DA:94,0
DA:95,0
DA:96,0
DA:113,0
DA:120,0
DA:121,0
DA:131,0
DA:133,0
DA:136,0
DA:139,0
DA:141,0
DA:145,0
DA:146,0
DA:147,0
DA:149,0
DA:150,0
DA:154,0
DA:158,0
DA:160,0
DA:161,0
DA:163,0
DA:164,0
DA:167,0
DA:174,0
DA:176,0
DA:177,0
DA:179,0
DA:180,0
DA:181,0
DA:182,0
DA:184,0
DA:185,0
DA:186,0
DA:187,0
DA:190,0
DA:191,0
DA:192,0
DA:210,0
DA:219,0
DA:220,0
DA:230,0
DA:232,0
DA:235,0
DA:238,0
DA:240,0
DA:244,0
DA:245,0
DA:246,0
DA:247,0
DA:248,0
DA:250,0
DA:251,0
DA:255,0
DA:259,0
DA:261,0
DA:262,0
DA:264,0
DA:265,0
DA:268,0
DA:275,0
DA:277,0
DA:278,0
DA:279,0
DA:280,0
DA:281,0
DA:283,0
DA:284,0
DA:285,0
DA:287,0
DA:288,0
DA:289,0
DA:292,0
DA:293,0
DA:294,0
DA:311,0
DA:319,0
DA:320,0
DA:330,0
DA:332,0
DA:335,0
DA:338,0
DA:340,0
DA:344,0
DA:345,0
DA:346,0
DA:347,0
DA:349,0
DA:350,0
DA:354,0
DA:358,0
DA:360,0
DA:361,0
DA:363,0
DA:364,0
DA:367,0
DA:374,0
DA:375,0
DA:377,0
DA:378,0
DA:380,0
DA:381,0
DA:382,0
DA:383,0
DA:384,0
DA:386,0
DA:387,0
DA:388,0
DA:391,0
DA:392,0
DA:393,0
DA:409,0
DA:411,0
DA:413,0
DA:414,0
DA:415,0
DA:418,0
DA:420,0
DA:421,0
DA:422,0
DA:423,0
DA:424,0
DA:425,0
DA:426,0
DA:428,0
DA:432,0
DA:434,0
DA:436,0
DA:440,0
DA:443,0
DA:445,0
DA:446,0
DA:449,0
DA:451,0
DA:452,0
DA:454,0
DA:455,0
DA:456,0
DA:459,0
DA:460,0
DA:466,0
DA:467,0
DA:469,0
DA:471,0
DA:472,0
DA:473,0
DA:477,0
DA:479,0
DA:481,0
DA:482,0
DA:483,0
DA:489,0
DA:490,0
DA:491,0
DA:498,0
DA:500,0
DA:501,0
DA:503,0
DA:506,0
DA:507,0
DA:512,0
DA:513,0
DA:519,0
DA:536,0
LF:196
LH:0
end_of_record
SF:lib/src/models.dart
DA:10,2
DA:18,2
DA:19,2
DA:20,2
DA:21,1
DA:22,1
DA:23,1
DA:24,4
DA:25,5
DA:28,1
DA:29,6
DA:48,2
DA:65,2
DA:66,1
DA:67,1
DA:68,1
DA:69,2
DA:70,2
DA:71,1
DA:72,1
DA:73,2
DA:74,2
DA:75,1
DA:76,1
DA:77,2
DA:78,1
DA:79,5
DA:82,1
DA:83,1
DA:84,1
DA:85,1
DA:86,1
DA:87,1
DA:88,1
DA:89,1
DA:90,1
DA:91,1
DA:92,1
DA:93,1
DA:94,1
DA:95,1
DA:96,1
DA:97,1
DA:107,2
DA:114,2
DA:115,1
DA:116,1
DA:117,1
DA:118,1
DA:121,1
DA:122,5
DA:131,3
DA:138,2
DA:139,1
DA:140,2
DA:141,2
DA:142,1
DA:145,1
DA:146,5
LF:59
LH:59
end_of_record
SF:lib/src/data_factory.dart
DA:11,1
DA:12,2
DA:17,1
DA:18,1
DA:28,1
DA:33,1
DA:38,1
DA:48,1
DA:55,1
DA:61,1
DA:63,2
DA:72,1
DA:73,1
DA:74,1
DA:75,2
DA:83,1
DA:84,1
DA:85,1
DA:86,2
DA:91,1
DA:94,2
DA:97,1
DA:100,2
DA:101,1
DA:102,1
DA:104,1
DA:108,1
DA:113,1
DA:118,2
DA:119,1
DA:120,1
DA:123,1
DA:125,1
DA:130,1
DA:136,2
DA:137,1
DA:138,1
DA:139,1
DA:141,1
DA:143,1
DA:147,1
DA:149,3
DA:151,2
DA:155,1
DA:156,2
LF:45
LH:45
end_of_record
SF:lib/src/cache_service.dart
DA:6,1
DA:8,1
DA:9,1
DA:10,1
DA:11,1
DA:14,2
DA:15,1
DA:17,3
DA:18,1
DA:20,1
DA:21,1
DA:23,1
DA:24,2
DA:25,1
DA:26,2
DA:27,1
DA:34,2
DA:37,2
DA:38,2
DA:40,2
DA:41,4
DA:44,3
DA:46,2
LF:23
LH:23
end_of_record
SF:lib/src/exceptions.dart
DA:7,1
DA:9,1
DA:10,1
LF:3
LH:3
end_of_record
